core/build/intermediates/manifest_merge_blame_file/release/manifest-merger-blame-release-report.txt
1<?xml version="1.0" encoding="utf-8"?>
2<manifest xmlns:android="http://schemas.android.com/apk/res/android"
3    package="com.novoda.merlin" >
4
5    <uses-sdk android:minSdkVersion="14" />
5-->src\main\AndroidManifest.xml
6
7    <uses-permission android:name="android.permission.INTERNET" />
7-->src\main\AndroidManifest.xml:5:3-65
7-->src\main\AndroidManifest.xml:5:20-62
8    <uses-permission android:name="android.permission.ACCESS_NETWORK_STATE" />
8-->src\main\AndroidManifest.xml:6:3-77
8-->src\main\AndroidManifest.xml:6:20-74
9
10    <application>
10-->src\main\AndroidManifest.xml:8:3-14:17
11        <service
11-->src\main\AndroidManifest.xml:10:5-12:34
12            android:name="com.novoda.merlin.MerlinService"
12-->src\main\AndroidManifest.xml:11:7-53
13            android:exported="false" />
13-->src\main\AndroidManifest.xml:12:7-31
14    </application>
15
16</manifest>